<?xml version="1.0" encoding="UTF-8" ?>
<testsuite tests="3" failures="0" name="foltan.javaee.test.app.controller.UserLoginControllerTest" time="0" errors="0" skipped="0">
  <properties>
[...]
</properties>
  <testcase classname="foltan.javaee.test.app.controller.UserLoginControllerTest" name="testLogin" time="0"/>
  <testcase classname="foltan.javaee.test.app.controller.UserLoginControllerTest" name="testLogout" time="0"/>
  <testcase classname="foltan.javaee.test.app.controller.UserLoginControllerTest" name="testLoginError" time="0"/>
</testsuite>